<?xml version="1.0" encoding="UTF-8"?>
<robot generator="Robot 3.0.2 (Python 3.6.1 on win32)" generated="20170523 14:28:56.248">
<suite id="s1" name="Test" source="C:\projects\o\test-prestudy\code\tests\test.robot">
<test id="s1-t1" name="My Test case">
<kw name="Write Storage Point Value" library="StorageLibrary">
<arguments>
<arg>0</arg>
<arg>${VAR}</arg>
</arguments>
<status status="PASS" starttime="20170523 14:28:57.485" endtime="20170523 14:28:58.495"></status>
</kw>
<kw name="Read Storage Point Value" library="StorageLibrary">
<arguments>
<arg>0</arg>
</arguments>
<assign>
<var>${V1}</var>
</assign>
<msg timestamp="20170523 14:28:58.502" level="INFO">type: &lt;class 'list'&gt;
ID:0 Name: Storage 1 Desc:Description 1 Value:2000</msg>
<msg timestamp="20170523 14:28:58.502" level="INFO">${V1} = 2000</msg>
<status status="PASS" starttime="20170523 14:28:58.497" endtime="20170523 14:28:58.503"></status>
</kw>
<kw name="Should Be Equal" library="BuiltIn">
<doc>Fails if the given objects are unequal.</doc>
<arguments>
<arg>${V1}</arg>
<arg>${VAR}</arg>
</arguments>
<status status="PASS" starttime="20170523 14:28:58.504" endtime="20170523 14:28:58.506"></status>
</kw>
<status status="PASS" starttime="20170523 14:28:57.477" endtime="20170523 14:28:58.508" critical="yes"></status>
</test>
<test id="s1-t2" name="Test write and read">
<kw name="Verify Write And Read" library="StorageLibrary">
<arguments>
<arg>1</arg>
<arg>uusi arvo</arg>
</arguments>
<status status="PASS" starttime="20170523 14:28:58.516" endtime="20170523 14:28:59.528"></status>
</kw>
<status status="PASS" starttime="20170523 14:28:58.513" endtime="20170523 14:28:59.528" critical="yes"></status>
</test>
<test id="s1-t3" name="Test read not exisiting storage value">
<kw name="Run Keyword And Expect Error" library="BuiltIn">
<doc>Runs the keyword and checks that the expected error occurred.</doc>
<arguments>
<arg>Storage point does not exists</arg>
<arg>read storage point value</arg>
<arg>100</arg>
</arguments>
<kw name="Read Storage Point Value" library="StorageLibrary">
<arguments>
<arg>100</arg>
</arguments>
<msg timestamp="20170523 14:29:00.561" level="INFO">type: &lt;class 'list'&gt;
ID:0 Name: Storage 1 Desc:Description 1 Value:2000
ID:1 Name: Storage 2 Desc:Description 2 Value:uusi arvo
ID:2 Name: Storage 3 Desc:Description 3 Value:None
ID:3 Name: Storage 4 Desc:Description 4 Value:None</msg>
<msg timestamp="20170523 14:29:00.561" level="FAIL">Storage point does not exists</msg>
<status status="FAIL" starttime="20170523 14:28:59.528" endtime="20170523 14:29:00.561"></status>
</kw>
<status status="PASS" starttime="20170523 14:28:59.528" endtime="20170523 14:29:00.561"></status>
</kw>
<status status="PASS" starttime="20170523 14:28:59.528" endtime="20170523 14:29:00.561" critical="yes"></status>
</test>
<status status="PASS" starttime="20170523 14:28:56.263" endtime="20170523 14:29:00.561"></status>
</suite>
<statistics>
<total>
<stat pass="3" fail="0">Critical Tests</stat>
<stat pass="3" fail="0">All Tests</stat>
</total>
<tag>
</tag>
<suite>
<stat pass="3" fail="0" id="s1" name="Test">Test</stat>
</suite>
</statistics>
<errors>
</errors>
</robot>
